<?xml version="1.0" encoding="UTF-8"?>
<TestRun id="b75d4ad5-c6cd-49b1-b55d-33cef0622597" name="THINK@THINK-PC 2018-01-23 16:49:38" runUser="THINK-PC\THINK" xmlns="http://microsoft.com/schemas/VisualStudio/TeamTest/2010">
  <TestSettings name="本地" id="f1590671-a343-4f8d-9455-8498411bb496">
    <Description>这些设置为本地测试运行的默认测试设置。</Description>
    <Deployment enabled="false" runDeploymentRoot="THINK_THINK-PC 2018-01-23 16_49_38">
      <DeploymentItem filename="D:\RealPro\Redis\redis4C#\ServiceStack.Redis-3\build\release\MonoDevelop\ServiceStack.Redis\ServiceStack.Common.dll" />
      <DeploymentItem filename="D:\RealPro\Redis\redis4C#\ServiceStack.Redis-3\build\release\MonoDevelop\ServiceStack.Redis\ServiceStack.Interfaces.dll" />
      <DeploymentItem filename="D:\RealPro\edu\自己动手写HTTP服务器\MyHttpServer\MyHttpServer\bin\Debug\MyHttpServer.dll" />
      <DeploymentItem filename="D:\RealPro\Redis\redis4C#\ServiceStack.Redis-3\build\release\MonoDevelop\ServiceStack.Redis\ServiceStack.Redis.dll" />
      <DeploymentItem filename="D:\RealPro\Redis\redis4C#\ServiceStack.Redis-3\build\release\MonoDevelop\ServiceStack.Redis\ServiceStack.Text.dll" />
    </Deployment>
    <Execution>
      <TestTypeSpecific />
      <AgentRule name="Execution Agents">
      </AgentRule>
    </Execution>
  </TestSettings>
  <Times creation="2018-01-23T16:49:38.8619831+08:00" queuing="2018-01-23T16:49:41.1801157+08:00" start="2018-01-23T16:49:41.4411306+08:00" finish="2018-01-23T16:49:53.3258104+08:00" />
  <ResultSummary outcome="Error">
    <Counters total="6" executed="6" passed="2" error="0" failed="3" timeout="0" aborted="1" inconclusive="0" passedButRunAborted="0" notRunnable="0" notExecuted="0" disconnected="0" warning="0" completed="0" inProgress="0" pending="0" />
    <RunInfos>
      <RunInfo computerName="THINK-PC" outcome="Error" timestamp="2018-01-23T16:49:53.3228102+08:00">
        <Text>测试宿主进程意外退出。</Text>
      </RunInfo>
    </RunInfos>
  </ResultSummary>
  <TestDefinitions>
    <UnitTest name="TestMethod1" storage="d:\realpro\edu\自己动手写http服务器\myhttpserver\testproject\bin\debug\testproject.dll" id="09a83073-df37-6427-839e-dc4928ff2f10">
      <Execution id="11beb596-756e-4983-9e10-2a2f3f5c6d72" />
      <TestMethod codeBase="D:/RealPro/edu/自己动手写HTTP服务器/MyHttpServer/TestProject/bin/Debug/TestProject.DLL" adapterTypeName="Microsoft.VisualStudio.TestTools.TestTypes.Unit.UnitTestAdapter, Microsoft.VisualStudio.QualityTools.Tips.UnitTest.Adapter, Version=10.0.0.0, Culture=neutral, PublicKeyToken=b03f5f7f11d50a3a" className="TestProject.ViewResultTest, TestProject, Version=1.0.0.0, Culture=neutral, PublicKeyToken=null" name="TestMethod1" />
    </UnitTest>
    <UnitTest name="TestFileLog" storage="d:\realpro\edu\自己动手写http服务器\myhttpserver\testproject\bin\debug\testproject.dll" id="122c25ca-630f-fde1-e56d-bea6e967b470">
      <Execution id="e12148d5-5e21-420e-b6af-5ea4d3223539" />
      <TestMethod codeBase="D:/RealPro/edu/自己动手写HTTP服务器/MyHttpServer/TestProject/bin/Debug/TestProject.DLL" adapterTypeName="Microsoft.VisualStudio.TestTools.TestTypes.Unit.UnitTestAdapter, Microsoft.VisualStudio.QualityTools.Tips.UnitTest.Adapter, Version=10.0.0.0, Culture=neutral, PublicKeyToken=b03f5f7f11d50a3a" className="TestProject.LogTest, TestProject, Version=1.0.0.0, Culture=neutral, PublicKeyToken=null" name="TestFileLog" />
    </UnitTest>
    <UnitTest name="TestAddCache" storage="d:\realpro\edu\自己动手写http服务器\myhttpserver\testproject\bin\debug\testproject.dll" id="c3bc63af-03b1-a00b-157d-bd644194e11e">
      <Execution id="c899f1c3-9f47-49c8-9a03-39970853d83a" />
      <TestMethod codeBase="D:/RealPro/edu/自己动手写HTTP服务器/MyHttpServer/TestProject/bin/Debug/TestProject.DLL" adapterTypeName="Microsoft.VisualStudio.TestTools.TestTypes.Unit.UnitTestAdapter, Microsoft.VisualStudio.QualityTools.Tips.UnitTest.Adapter, Version=10.0.0.0, Culture=neutral, PublicKeyToken=b03f5f7f11d50a3a" className="TestProject.CacheTest, TestProject, Version=1.0.0.0, Culture=neutral, PublicKeyToken=null" name="TestAddCache" />
    </UnitTest>
    <UnitTest name="TestMethod1" storage="d:\realpro\edu\自己动手写http服务器\myhttpserver\testproject\bin\debug\testproject.dll" id="20158050-55a0-ebfa-4bb4-68f6a8e9bcb7">
      <Execution id="a2834627-4785-4698-b9d9-a0698160d1af" />
      <TestMethod codeBase="D:/RealPro/edu/自己动手写HTTP服务器/MyHttpServer/TestProject/bin/Debug/TestProject.DLL" adapterTypeName="Microsoft.VisualStudio.TestTools.TestTypes.Unit.UnitTestAdapter, Microsoft.VisualStudio.QualityTools.Tips.UnitTest.Adapter, Version=10.0.0.0, Culture=neutral, PublicKeyToken=b03f5f7f11d50a3a" className="TestProject.ListenerTest, TestProject, Version=1.0.0.0, Culture=neutral, PublicKeyToken=null" name="TestMethod1" />
    </UnitTest>
    <UnitTest name="TestRedisAdd" storage="d:\realpro\edu\自己动手写http服务器\myhttpserver\testproject\bin\debug\testproject.dll" id="d9a29cb4-8366-3824-d283-ea597428e5b8">
      <Execution id="27405b48-9aa0-40cf-be25-b93b97528678" />
      <TestMethod codeBase="D:/RealPro/edu/自己动手写HTTP服务器/MyHttpServer/TestProject/bin/Debug/TestProject.DLL" adapterTypeName="Microsoft.VisualStudio.TestTools.TestTypes.Unit.UnitTestAdapter, Microsoft.VisualStudio.QualityTools.Tips.UnitTest.Adapter, Version=10.0.0.0, Culture=neutral, PublicKeyToken=b03f5f7f11d50a3a" className="TestProject.RedisTest, TestProject, Version=1.0.0.0, Culture=neutral, PublicKeyToken=null" name="TestRedisAdd" />
    </UnitTest>
    <UnitTest name="TestDelegateLog" storage="d:\realpro\edu\自己动手写http服务器\myhttpserver\testproject\bin\debug\testproject.dll" id="6d01605c-4f35-cbb8-d62b-e2208e3be504">
      <Execution id="5c1c6b3e-85b5-482e-8c59-6f2ce127ee19" />
      <TestMethod codeBase="D:/RealPro/edu/自己动手写HTTP服务器/MyHttpServer/TestProject/bin/Debug/TestProject.DLL" adapterTypeName="Microsoft.VisualStudio.TestTools.TestTypes.Unit.UnitTestAdapter, Microsoft.VisualStudio.QualityTools.Tips.UnitTest.Adapter, Version=10.0.0.0, Culture=neutral, PublicKeyToken=b03f5f7f11d50a3a" className="TestProject.LogTest, TestProject, Version=1.0.0.0, Culture=neutral, PublicKeyToken=null" name="TestDelegateLog" />
    </UnitTest>
  </TestDefinitions>
  <TestLists>
    <TestList name="列表中未列出的结果" id="8c84fa94-04c1-424b-9868-57a2d4851a1d" />
    <TestList name="所有已加载的结果" id="19431567-8539-422a-85d7-44ee4e166bda" />
  </TestLists>
  <TestEntries>
    <TestEntry testId="09a83073-df37-6427-839e-dc4928ff2f10" executionId="11beb596-756e-4983-9e10-2a2f3f5c6d72" testListId="8c84fa94-04c1-424b-9868-57a2d4851a1d" />
    <TestEntry testId="c3bc63af-03b1-a00b-157d-bd644194e11e" executionId="c899f1c3-9f47-49c8-9a03-39970853d83a" testListId="8c84fa94-04c1-424b-9868-57a2d4851a1d" />
    <TestEntry testId="d9a29cb4-8366-3824-d283-ea597428e5b8" executionId="27405b48-9aa0-40cf-be25-b93b97528678" testListId="8c84fa94-04c1-424b-9868-57a2d4851a1d" />
    <TestEntry testId="122c25ca-630f-fde1-e56d-bea6e967b470" executionId="e12148d5-5e21-420e-b6af-5ea4d3223539" testListId="8c84fa94-04c1-424b-9868-57a2d4851a1d" />
    <TestEntry testId="6d01605c-4f35-cbb8-d62b-e2208e3be504" executionId="5c1c6b3e-85b5-482e-8c59-6f2ce127ee19" testListId="8c84fa94-04c1-424b-9868-57a2d4851a1d" />
    <TestEntry testId="20158050-55a0-ebfa-4bb4-68f6a8e9bcb7" executionId="a2834627-4785-4698-b9d9-a0698160d1af" testListId="8c84fa94-04c1-424b-9868-57a2d4851a1d" />
  </TestEntries>
  <Results>
    <UnitTestResult executionId="11beb596-756e-4983-9e10-2a2f3f5c6d72" testId="09a83073-df37-6427-839e-dc4928ff2f10" testName="TestMethod1" computerName="THINK-PC" duration="00:00:00.0391019" startTime="2018-01-23T16:49:41.5471367+08:00" endTime="2018-01-23T16:49:43.8802701+08:00" testType="13cdc9d9-ddb5-4fa4-a97d-d965ccfc6d4b" outcome="Passed" testListId="8c84fa94-04c1-424b-9868-57a2d4851a1d" relativeResultsDirectory="11beb596-756e-4983-9e10-2a2f3f5c6d72">
    </UnitTestResult>
    <UnitTestResult executionId="c899f1c3-9f47-49c8-9a03-39970853d83a" testId="c3bc63af-03b1-a00b-157d-bd644194e11e" testName="TestAddCache" computerName="THINK-PC" duration="00:00:00.2502911" startTime="2018-01-23T16:49:43.8932709+08:00" endTime="2018-01-23T16:49:44.1672866+08:00" testType="13cdc9d9-ddb5-4fa4-a97d-d965ccfc6d4b" outcome="Failed" testListId="8c84fa94-04c1-424b-9868-57a2d4851a1d" relativeResultsDirectory="c899f1c3-9f47-49c8-9a03-39970853d83a">
      <Output>
        <ErrorInfo>
          <Message>测试方法 TestProject.CacheTest.TestAddCache 引发了异常: 
System.IndexOutOfRangeException: 索引超出了数组界限。</Message>
          <StackTrace>    在 MyHttpServer.Cache.LocalFileCache.GetCache(String requestUrl) 位置 D:\RealPro\edu\自己动手写HTTP服务器\MyHttpServer\MyHttpServer\Cache\LocalFileCache.cs:行号 117
   在 MyHttpServer.Cache.LocalFileCache.DeleteCacheIfExists(String requestUrl) 位置 D:\RealPro\edu\自己动手写HTTP服务器\MyHttpServer\MyHttpServer\Cache\LocalFileCache.cs:行号 133
   在 MyHttpServer.Cache.LocalFileCache.AddOrUpdateCache(String requestUrl, Stream httpBodyStream, DateTime lastModified, Int32 expireInSeconds) 位置 D:\RealPro\edu\自己动手写HTTP服务器\MyHttpServer\MyHttpServer\Cache\LocalFileCache.cs:行号 33
   在 TestProject.CacheTest.TestAddCache() 位置 D:\RealPro\edu\自己动手写HTTP服务器\MyHttpServer\TestProject\CacheTest.cs:行号 74
</StackTrace>
        </ErrorInfo>
      </Output>
    </UnitTestResult>
    <UnitTestResult executionId="27405b48-9aa0-40cf-be25-b93b97528678" testId="d9a29cb4-8366-3824-d283-ea597428e5b8" testName="TestRedisAdd" computerName="THINK-PC" duration="00:00:01.2406679" startTime="2018-01-23T16:49:44.1952882+08:00" endTime="2018-01-23T16:49:45.4423595+08:00" testType="13cdc9d9-ddb5-4fa4-a97d-d965ccfc6d4b" outcome="Failed" testListId="8c84fa94-04c1-424b-9868-57a2d4851a1d" relativeResultsDirectory="27405b48-9aa0-40cf-be25-b93b97528678">
      <Output>
        <ErrorInfo>
          <Message>测试方法 TestProject.RedisTest.TestRedisAdd 引发了异常: 
ServiceStack.Redis.RedisException: could not connect to redis Instance at localhost:6379 ---&gt; System.Net.Sockets.SocketException: 由于目标计算机积极拒绝，无法连接。 127.0.0.1:6379</Message>
          <StackTrace>    在 System.Net.Sockets.Socket.Connect(IPAddress[] addresses, Int32 port)
   在 System.Net.Sockets.Socket.Connect(String host, Int32 port)
   在 ServiceStack.Redis.RedisNativeClient.Connect()
 --- 内部异常堆栈跟踪的末尾 ---
    在 ServiceStack.Redis.RedisNativeClient.Connect()
   在 ServiceStack.Redis.RedisNativeClient.AssertConnectedSocket()
   在 ServiceStack.Redis.RedisNativeClient.SendCommand(Byte[][] cmdWithBinaryArgs)
   在 ServiceStack.Redis.RedisNativeClient.SendExpectInt(Byte[][] cmdWithBinaryArgs)
   在 ServiceStack.Redis.RedisNativeClient.Exists(String key)
   在 MyHttpServer.Cache.RedisCache.AddOrUpdateCache(String requestUrl, Stream httpBodyStream, DateTime lastModified, Int32 expireInSeconds) 位置 D:\RealPro\edu\自己动手写HTTP服务器\MyHttpServer\MyHttpServer\Cache\RedisCache.cs:行号 35
   在 TestProject.RedisTest.TestRedisAdd() 位置 D:\RealPro\edu\自己动手写HTTP服务器\MyHttpServer\TestProject\RedisTest.cs:行号 73
</StackTrace>
        </ErrorInfo>
      </Output>
    </UnitTestResult>
    <UnitTestResult executionId="e12148d5-5e21-420e-b6af-5ea4d3223539" testId="122c25ca-630f-fde1-e56d-bea6e967b470" testName="TestFileLog" computerName="THINK-PC" duration="00:00:00.0040858" startTime="2018-01-23T16:49:45.4663609+08:00" endTime="2018-01-23T16:49:45.4813617+08:00" testType="13cdc9d9-ddb5-4fa4-a97d-d965ccfc6d4b" outcome="Passed" testListId="8c84fa94-04c1-424b-9868-57a2d4851a1d" relativeResultsDirectory="e12148d5-5e21-420e-b6af-5ea4d3223539">
    </UnitTestResult>
    <UnitTestResult executionId="5c1c6b3e-85b5-482e-8c59-6f2ce127ee19" testId="6d01605c-4f35-cbb8-d62b-e2208e3be504" testName="TestDelegateLog" computerName="THINK-PC" duration="00:00:00.0916452" startTime="2018-01-23T16:49:45.4903622+08:00" endTime="2018-01-23T16:49:45.5883678+08:00" testType="13cdc9d9-ddb5-4fa4-a97d-d965ccfc6d4b" outcome="Failed" testListId="8c84fa94-04c1-424b-9868-57a2d4851a1d" relativeResultsDirectory="5c1c6b3e-85b5-482e-8c59-6f2ce127ee19">
      <Output>
        <ErrorInfo>
          <Message>Assert.AreEqual 失败。应为: &lt;【2018-01-23 16:49:45】This is an error!&gt;，实际为: &lt;This is an error!&gt;。</Message>
          <StackTrace>   在 TestProject.LogTest.&lt;TestDelegateLog&gt;b__0(String arg) 位置 D:\RealPro\edu\自己动手写HTTP服务器\MyHttpServer\TestProject\LogTest.cs:行号 31
   在 MyHttpServer.Log.DelegateLog.InternalDoLog(String str) 位置 D:\RealPro\edu\自己动手写HTTP服务器\MyHttpServer\MyHttpServer\Log\DelegateLog.cs:行号 19
   在 MyHttpServer.Log.BaseLog.DoLog(String str, LOGLEVEL level) 位置 D:\RealPro\edu\自己动手写HTTP服务器\MyHttpServer\MyHttpServer\Log\BaseLog.cs:行号 22
   在 MyHttpServer.Log.BaseLog.Error(String str) 位置 D:\RealPro\edu\自己动手写HTTP服务器\MyHttpServer\MyHttpServer\Log\BaseLog.cs:行号 41
   在 TestProject.LogTest.TestDelegateLog() 位置 D:\RealPro\edu\自己动手写HTTP服务器\MyHttpServer\TestProject\LogTest.cs:行号 33
</StackTrace>
        </ErrorInfo>
      </Output>
    </UnitTestResult>
    <UnitTestResult executionId="a2834627-4785-4698-b9d9-a0698160d1af" testId="20158050-55a0-ebfa-4bb4-68f6a8e9bcb7" testName="TestMethod1" computerName="THINK-PC" duration="00:00:07.7264419" startTime="2018-01-23T16:49:45.5993685+08:00" endTime="2018-01-23T16:49:53.3258104+08:00" testType="13cdc9d9-ddb5-4fa4-a97d-d965ccfc6d4b" outcome="Aborted" testListId="8c84fa94-04c1-424b-9868-57a2d4851a1d" relativeResultsDirectory="a2834627-4785-4698-b9d9-a0698160d1af">
    </UnitTestResult>
  </Results>
</TestRun>